<?xml version="1.0" encoding="UTF-8"?>
<testng-results skipped="0" failed="0" ignored="0" total="3" passed="3">
  <reporter-output>
  </reporter-output>
  <suite name="RelativeXpathBasic" duration-ms="20666" started-at="2021-04-20T09:45:50 IST" finished-at="2021-04-20T09:46:11 IST">
    <groups>
    </groups>
    <test name="BankManagerLoginTest" duration-ms="5346" started-at="2021-04-20T09:45:50 IST" finished-at="2021-04-20T09:45:56 IST">
      <class name="com.qa.testcases.BankManagerLoginTest">
        <test-method status="PASS" signature="bankManagerLoginTest()[pri:0, instance:com.qa.testcases.BankManagerLoginTest@33c7e1bb]" name="bankManagerLoginTest" duration-ms="5300" started-at="2021-04-20T09:45:50 IST" finished-at="2021-04-20T09:45:56 IST">
          <reporter-output>
          </reporter-output>
        </test-method> <!-- bankManagerLoginTest -->
      </class> <!-- com.qa.testcases.BankManagerLoginTest -->
    </test> <!-- BankManagerLoginTest -->
    
    <test name="AddCustomerTest" duration-ms="6786" started-at="2021-04-20T09:45:56 IST" finished-at="2021-04-20T09:46:03 IST">
      <class name="com.qa.testcases.AddCustomerTest">
        <test-method status="PASS" signature="addCustomerTest()[pri:0, instance:com.qa.testcases.AddCustomerTest@58c1670b]" name="addCustomerTest" duration-ms="6777" started-at="2021-04-20T09:45:56 IST" finished-at="2021-04-20T09:46:03 IST">
          <reporter-output>
          </reporter-output>
        </test-method> <!-- addCustomerTest -->
      </class> <!-- com.qa.testcases.AddCustomerTest -->
    </test> <!-- AddCustomerTest -->
    
    <test name="OpenAccountTest" duration-ms="8086" started-at="2021-04-20T09:46:03 IST" finished-at="2021-04-20T09:46:11 IST">
      <class name="com.qa.testcases.OpenAccountTest">
        <test-method status="PASS" signature="setUp()[pri:0, instance:com.qa.testcases.OpenAccountTest@26a7b76d]" name="setUp" is-config="true" duration-ms="10309" started-at="2021-04-20T09:45:40 IST" finished-at="2021-04-20T09:45:50 IST">
          <reporter-output>
          </reporter-output>
        </test-method> <!-- setUp -->
        <test-method status="PASS" signature="openAccountTest()[pri:0, instance:com.qa.testcases.OpenAccountTest@26a7b76d]" name="openAccountTest" duration-ms="8079" started-at="2021-04-20T09:46:03 IST" finished-at="2021-04-20T09:46:11 IST">
          <reporter-output>
          </reporter-output>
        </test-method> <!-- openAccountTest -->
        <test-method status="PASS" signature="tearDown()[pri:0, instance:com.qa.testcases.OpenAccountTest@26a7b76d]" name="tearDown" is-config="true" duration-ms="1030" started-at="2021-04-20T09:46:11 IST" finished-at="2021-04-20T09:46:12 IST">
          <reporter-output>
          </reporter-output>
        </test-method> <!-- tearDown -->
      </class> <!-- com.qa.testcases.OpenAccountTest -->
    </test> <!-- OpenAccountTest -->
  </suite> <!-- RelativeXpathBasic -->
</testng-results>
