<?xml version="1.0" encoding="UTF-8"?>
<!-- Generated by org.testng.reporters.JUnitXMLReporter -->
<testsuite hostname="DESKTOP-K0PNLO1" ignored="0" name="VerifyCustList" tests="1" failures="1" timestamp="2021-04-19T21:14:16 IST" time="2.302" errors="0">
  <testcase name="isCustInList" time="2.297" classname="com.qa.testcases.VerifyCustList">
    <failure type="java.lang.AssertionError" message="Customer is not Prasent expected [Manisha] but found [Hermoine]">
      <![CDATA[java.lang.AssertionError: Customer is not Prasent expected [Manisha] but found [Hermoine]
at com.qa.testcases.VerifyCustList.isCustInList(VerifyCustList.java:20)
at java.util.ArrayList.forEach(ArrayList.java:1257)
... Removed 32 stack frames]]>
    </failure>
  </testcase> <!-- isCustInList -->
</testsuite> <!-- VerifyCustList -->
